Using pre-set license
Built from '2020.2/release' branch; Version is '2020.2.2f1 (068178b99f32) revision 426360'; Using compiler version '192528614'; Build Type 'Release'
OS: 'Windows 10 Home; OS build 19043.1110; Version 2009; 64bit' Language: 'en' Physical Memory: 32617 MB
BatchMode: 1, IsHumanControllingUs: 0, StartBugReporterOnCrash: 0, Is64bit: 1, IsPro: 0

 COMMAND LINE ARGUMENTS:
C:\Program Files\Unity\Hub\Editor\2020.2.2f1\Editor\Unity.exe
-adb2
-batchMode
-noUpm
-name
AssetImportWorker0
-projectPath
D:/AI Pathfinding & Smart AI/AI Pathfinding & Smart AI
-logFile
Logs/AssetImportWorker0.log
-srvPort
56236
Successfully changed project path to: D:/AI Pathfinding & Smart AI/AI Pathfinding & Smart AI
D:/AI Pathfinding & Smart AI/AI Pathfinding & Smart AI
Using Asset Import Pipeline V2.
Refreshing native plugins compatible for Editor in 30.99 ms, found 0 plugins.
Preloading 0 native plugins for Editor in 0.00 ms.
Initialize engine version: 2020.2.2f1 (068178b99f32)
[Subsystems] Discovering subsystems at path C:/Program Files/Unity/Hub/Editor/2020.2.2f1/Editor/Data/Resources/UnitySubsystems
[Subsystems] Discovering subsystems at path D:/AI Pathfinding & Smart AI/AI Pathfinding & Smart AI/Assets
GfxDevice: creating device client; threaded=0
Direct3D:
    Version:  Direct3D 11.0 [level 11.1]
    Renderer: NVIDIA GeForce RTX 2060 (ID=0x1f11)
    Vendor:   
    VRAM:     5980 MB
    Driver:   30.0.14.7168
Initialize mono
Mono path[0] = 'C:/Program Files/Unity/Hub/Editor/2020.2.2f1/Editor/Data/Managed'
Mono path[1] = 'C:/Program Files/Unity/Hub/Editor/2020.2.2f1/Editor/Data/MonoBleedingEdge/lib/mono/unityjit'
Mono config path = 'C:/Program Files/Unity/Hub/Editor/2020.2.2f1/Editor/Data/MonoBleedingEdge/etc'
Using monoOptions --debugger-agent=transport=dt_socket,embedding=1,server=y,suspend=n,address=127.0.0.1:56572
Begin MonoManager ReloadAssembly
Registering precompiled unity dll's ...
Register platform support module: C:/Program Files/Unity/Hub/Editor/2020.2.2f1/Editor/Data/PlaybackEngines/WindowsStandaloneSupport/UnityEditor.WindowsStandalone.Extensions.dll
Registered in 0.002101 seconds.
Native extension for WindowsStandalone target not found
Refreshing native plugins compatible for Editor in 26.09 ms, found 0 plugins.
Preloading 0 native plugins for Editor in 0.00 ms.
Invoked RoslynAnalysisRunner static constructor.
RoslynAnalysisRunner will not be running.
RoslynAnalysisRunner has terminated.
Mono: successfully reloaded assembly
- Completed reload, in  1.871 seconds
Platform modules already initialized, skipping
Registering precompiled user dll's ...
Registered in 0.000869 seconds.
Begin MonoManager ReloadAssembly
Native extension for WindowsStandalone target not found
Refreshing native plugins compatible for Editor in 0.24 ms, found 0 plugins.
Preloading 0 native plugins for Editor in 0.00 ms.
Invoked RoslynAnalysisRunner static constructor.
RoslynAnalysisRunner will not be running.
RoslynAnalysisRunner has terminated.
Mono: successfully reloaded assembly
- Completed reload, in  0.855 seconds
Platform modules already initialized, skipping
========================================================================
Worker process is ready to serve import requests
Launched and connected shader compiler UnityShaderCompiler.exe after 0.06 seconds
Refreshing native plugins compatible for Editor in 0.25 ms, found 0 plugins.
Preloading 0 native plugins for Editor in 0.00 ms.
Unloading 1504 Unused Serialized files (Serialized files now loaded: 0)
System memory in use before: 75.4 MB.
System memory in use after: 75.4 MB.

Unloading 75 unused Assets to reduce memory usage. Loaded Objects now: 1943.
Total: 3.362400 ms (FindLiveObjects: 0.274600 ms CreateObjectMapping: 0.094200 ms MarkObjects: 2.748800 ms  DeleteObjects: 0.243600 ms)

========================================================================
Received Import Request.
  path: Assets/Scenes/Pathfinding.unity
  artifactKey: Guid(a04dded96386d554ab4a82ec67a09b89) Importer(815301076,1909f56bfc062723c751e8b465ee728b)
Start importing Assets/Scenes/Pathfinding.unity using Guid(a04dded96386d554ab4a82ec67a09b89) Importer(815301076,1909f56bfc062723c751e8b465ee728b)  -> (artifact id: 'ed13693a7fddf5d3339bd7c16b42bbbb') in 0.026748 seconds
  Import took 0.031555 seconds .

========================================================================
Received Prepare
Registering precompiled user dll's ...
Registered in 0.000567 seconds.
Begin MonoManager ReloadAssembly
Native extension for WindowsStandalone target not found
Refreshing native plugins compatible for Editor in 0.24 ms, found 0 plugins.
Preloading 0 native plugins for Editor in 0.00 ms.
Warning: Annotation not found!
UnityEngine.StackTraceUtility:ExtractStackTrace ()
UnityEditor.ProBuilder.EditorUtility:SetGizmoIconEnabled (System.Type,bool) (at F:/AI Pathfinding & Smart AI/AI Pathfinding & Smart AI/Library/PackageCache/com.unity.probuilder@4.4.0/Editor/EditorCore/EditorUtility.cs:593)
UnityEditor.ProBuilder.HierarchyListener:.cctor () (at F:/AI Pathfinding & Smart AI/AI Pathfinding & Smart AI/Library/PackageCache/com.unity.probuilder@4.4.0/Editor/EditorCore/HierarchyListener.cs:21)
System.Runtime.CompilerServices.RuntimeHelpers:RunClassConstructor (System.RuntimeTypeHandle)
UnityEditor.EditorAssemblies:ProcessInitializeOnLoadAttributes (System.Type[])

[F:/AI Pathfinding & Smart AI/AI Pathfinding & Smart AI/Library/PackageCache/com.unity.probuilder@4.4.0/Editor/EditorCore/EditorUtility.cs line 593]

Invoked RoslynAnalysisRunner static constructor.
RoslynAnalysisRunner will not be running.
RoslynAnalysisRunner has terminated.
Mono: successfully reloaded assembly
- Completed reload, in  0.736 seconds
Platform modules already initialized, skipping
Refreshing native plugins compatible for Editor in 0.24 ms, found 0 plugins.
Preloading 0 native plugins for Editor in 0.00 ms.
Unloading 1455 Unused Serialized files (Serialized files now loaded: 0)
System memory in use before: 72.8 MB.
System memory in use after: 72.9 MB.

Unloading 6 unused Assets to reduce memory usage. Loaded Objects now: 1945.
Total: 2.011400 ms (FindLiveObjects: 0.142900 ms CreateObjectMapping: 0.043400 ms MarkObjects: 1.740800 ms  DeleteObjects: 0.083100 ms)

========================================================================
Received Import Request.
  Time since last request: 873.044428 seconds.
  path: Assets/Scenes/Menu.unity
  artifactKey: Guid(860c86178d55e0941a591c8b93e3a75c) Importer(815301076,1909f56bfc062723c751e8b465ee728b)
Start importing Assets/Scenes/Menu.unity using Guid(860c86178d55e0941a591c8b93e3a75c) Importer(815301076,1909f56bfc062723c751e8b465ee728b)  -> (artifact id: '07644069fff209dc3f6b853bc5720e59') in 0.030107 seconds
  Import took 0.032380 seconds .

========================================================================
Received Import Request.
  Time since last request: 16.760930 seconds.
  path: Assets/Scenes/Pathfinding.unity
  artifactKey: Guid(a04dded96386d554ab4a82ec67a09b89) Importer(815301076,1909f56bfc062723c751e8b465ee728b)
Start importing Assets/Scenes/Pathfinding.unity using Guid(a04dded96386d554ab4a82ec67a09b89) Importer(815301076,1909f56bfc062723c751e8b465ee728b)  -> (artifact id: '0b8ecd663c3f655fcc6b0f773f7b7282') in 0.025870 seconds
  Import took 0.027922 seconds .

========================================================================
Received Import Request.
  Time since last request: 0.000435 seconds.
  path: Assets/Scenes/Pathfinding.unity
  artifactKey: Guid(a04dded96386d554ab4a82ec67a09b89) Importer(815301076,1909f56bfc062723c751e8b465ee728b)
Start importing Assets/Scenes/Pathfinding.unity using Guid(a04dded96386d554ab4a82ec67a09b89) Importer(815301076,1909f56bfc062723c751e8b465ee728b)  -> (artifact id: '0b8ecd663c3f655fcc6b0f773f7b7282') in 0.020999 seconds
  Import took 0.023038 seconds .

